<?xml version="1.0" encoding="UTF-8"?>
<testng-results skipped="0" failed="0" ignored="0" total="1" passed="1">
  <reporter-output>
  </reporter-output>
  <suite name="Default suite" duration-ms="75910" started-at="2022-07-20T10:38:12Z" finished-at="2022-07-20T10:39:28Z">
    <groups>
    </groups>
    <test name="Default test" duration-ms="75910" started-at="2022-07-20T10:38:12Z" finished-at="2022-07-20T10:39:28Z">
      <class name="actions.DragNDrop">
        <test-method status="PASS" signature="Open_Aut()[pri:0, instance:actions.DragNDrop@402a079c]" name="Open_Aut" is-config="true" duration-ms="16413" started-at="2022-07-20T16:08:12Z" finished-at="2022-07-20T16:08:28Z">
          <reporter-output>
          </reporter-output>
        </test-method> <!-- Open_Aut -->
        <test-method status="PASS" signature="dragNdrop()[pri:0, instance:actions.DragNDrop@402a079c]" name="dragNdrop" duration-ms="59450" started-at="2022-07-20T16:08:28Z" finished-at="2022-07-20T16:09:28Z">
          <reporter-output>
          </reporter-output>
        </test-method> <!-- dragNdrop -->
        <test-method status="PASS" signature="Cloase_Aut()[pri:0, instance:actions.DragNDrop@402a079c]" name="Cloase_Aut" is-config="true" duration-ms="0" started-at="2022-07-20T16:09:28Z" finished-at="2022-07-20T16:09:28Z">
          <reporter-output>
          </reporter-output>
        </test-method> <!-- Cloase_Aut -->
      </class> <!-- actions.DragNDrop -->
    </test> <!-- Default test -->
  </suite> <!-- Default suite -->
</testng-results>
